<?xml version="1.0" encoding="UTF-8"?>
<testsuite name="com.danilovfa.MainTest" tests="1" skipped="0" failures="0" errors="0" timestamp="2023-09-18T11:22:51" hostname="danilov-hp14s" time="0.013">
  <properties/>
  <testcase name="getPrimeNumbersTest()" classname="com.danilovfa.MainTest" time="0.013"/>
  <system-out><![CDATA[]]></system-out>
  <system-err><![CDATA[]]></system-err>
</testsuite>
